2026-03-15 01:06:29.146 | INFO     | ao_compensation_model.utils:setup_logger:387 - Logging to 'data\logs\log_file_2026-03-15_01-06-29.log'.
2026-03-15 01:06:36.294 | INFO     | ao_compensation_model.app:_run_train:41 - Starting GRU training pipeline...
2026-03-15 01:06:37.836 | INFO     | ao_compensation_model.training:train:195 - Model architecture:
Model: "functional"
┏━━━━━━━━━━━━━━━━━━━━━━━━━━━━━━━┳━━━━━━━━━━━━━━━━━━━━━━━━━━━┳━━━━━━━━━━━━━━━━━┳━━━━━━━━━━━━━━━━━━━━━━━━━━━━┓
┃ Layer (type)                  ┃ Output Shape              ┃         Param # ┃ Connected to               ┃
┡━━━━━━━━━━━━━━━━━━━━━━━━━━━━━━━╇━━━━━━━━━━━━━━━━━━━━━━━━━━━╇━━━━━━━━━━━━━━━━━╇━━━━━━━━━━━━━━━━━━━━━━━━━━━━┩
│ input_layer (InputLayer)      │ (None, 100, 2)            │               0 │ -                          │
├───────────────────────────────┼───────────────────────────┼─────────────────┼────────────────────────────┤
│ gru (GRU)                     │ (None, 128)               │          50,688 │ input_layer[0][0]          │
├───────────────────────────────┼───────────────────────────┼─────────────────┼────────────────────────────┤
│ dense (Dense)                 │ (None, 2)                 │             258 │ gru[0][0]                  │
├───────────────────────────────┼───────────────────────────┼─────────────────┼────────────────────────────┤
│ omega (Dense)                 │ (None, 1)                 │             129 │ gru[0][0]                  │
├───────────────────────────────┼───────────────────────────┼─────────────────┼────────────────────────────┤
│ phase (UnitNormalization)     │ (None, 2)                 │               0 │ dense[0][0]                │
└───────────────────────────────┴───────────────────────────┴─────────────────┴────────────────────────────┘
 Total params: 51,075 (199.51 KB)
 Trainable params: 51,075 (199.51 KB)
 Non-trainable params: 0 (0.00 B)


2026-03-15 01:06:37.846 | INFO     | ao_compensation_model.training:train:198 - Parameters — trainable: 51075  non-trainable: 0  total: 51075
2026-03-15 01:06:37.931 | INFO     | ao_compensation_model.training:on_train_begin:96 - Training started.
2026-03-15 01:07:50.343 | INFO     | ao_compensation_model.training:on_epoch_end:100 - Epoch   1 | val_loss: -0.781936  val_phase_loss: -0.875982  val_omega_loss: 0.027499
2026-03-15 01:08:58.344 | INFO     | ao_compensation_model.training:on_epoch_end:100 - Epoch   2 | val_loss: -0.756295  val_phase_loss: -0.859897  val_omega_loss: 0.032714
2026-03-15 01:10:06.722 | INFO     | ao_compensation_model.training:on_epoch_end:100 - Epoch   3 | val_loss: -0.774401  val_phase_loss: -0.871046  val_omega_loss: 0.030916
2026-03-15 01:11:16.020 | INFO     | ao_compensation_model.training:on_epoch_end:100 - Epoch   4 | val_loss: -0.773286  val_phase_loss: -0.875002  val_omega_loss: 0.032655
2026-03-15 01:12:25.205 | INFO     | ao_compensation_model.training:on_epoch_end:100 - Epoch   5 | val_loss: -0.727884  val_phase_loss: -0.843951  val_omega_loss: 0.037562
2026-03-15 01:13:34.024 | INFO     | ao_compensation_model.training:on_epoch_end:100 - Epoch   6 | val_loss: -0.808760  val_phase_loss: -0.885671  val_omega_loss: 0.024555
2026-03-15 01:14:42.845 | INFO     | ao_compensation_model.training:on_epoch_end:100 - Epoch   7 | val_loss: -0.800473  val_phase_loss: -0.877863  val_omega_loss: 0.024749
2026-03-15 01:15:51.790 | INFO     | ao_compensation_model.training:on_epoch_end:100 - Epoch   8 | val_loss: -0.770984  val_phase_loss: -0.862236  val_omega_loss: 0.029452
2026-03-15 01:17:00.501 | INFO     | ao_compensation_model.training:on_epoch_end:100 - Epoch   9 | val_loss: -0.735832  val_phase_loss: -0.858928  val_omega_loss: 0.039985
2026-03-15 01:18:09.415 | INFO     | ao_compensation_model.training:on_epoch_end:100 - Epoch  10 | val_loss: -0.750606  val_phase_loss: -0.860667  val_omega_loss: 0.035721
2026-03-15 01:19:17.920 | INFO     | ao_compensation_model.training:on_epoch_end:100 - Epoch  11 | val_loss: -0.810077  val_phase_loss: -0.890881  val_omega_loss: 0.026115
2026-03-15 01:20:26.979 | INFO     | ao_compensation_model.training:on_epoch_end:100 - Epoch  12 | val_loss: -0.770133  val_phase_loss: -0.868648  val_omega_loss: 0.031972
2026-03-15 01:21:36.103 | INFO     | ao_compensation_model.training:on_epoch_end:100 - Epoch  13 | val_loss: -0.802951  val_phase_loss: -0.887245  val_omega_loss: 0.027284
2026-03-15 01:22:44.840 | INFO     | ao_compensation_model.training:on_epoch_end:100 - Epoch  14 | val_loss: -0.725849  val_phase_loss: -0.849559  val_omega_loss: 0.040369
2026-03-15 01:23:53.554 | INFO     | ao_compensation_model.training:on_epoch_end:100 - Epoch  15 | val_loss: -0.795897  val_phase_loss: -0.877574  val_omega_loss: 0.026451
2026-03-15 01:25:02.159 | INFO     | ao_compensation_model.training:on_epoch_end:100 - Epoch  16 | val_loss: -0.802995  val_phase_loss: -0.879809  val_omega_loss: 0.024846
2026-03-15 01:25:02.186 | INFO     | ao_compensation_model.training:train:244 - Best model saved as: gru_model.keras (val_loss=-0.810077)
2026-03-15 01:25:03.690 | INFO     | ao_compensation_model.training:train:261 - TFLite model saved as: gru_model_edge.tflite
2026-03-15 01:25:03.713 | SUCCESS  | ao_compensation_model.app:_run_train:43 - Training complete.
