2026-03-15 18:53:00.058 | INFO     | ao_compensation_model.utils:setup_logger:387 - Logging to 'data\logs\log_file_2026-03-15_18-53-00.log'.
2026-03-15 18:53:06.595 | INFO     | ao_compensation_model.app:_run_train:41 - Starting GRU training pipeline...
2026-03-15 18:53:08.314 | INFO     | ao_compensation_model.training:train:219 - Model architecture:
Model: "functional"
┏━━━━━━━━━━━━━━━━━━━━━━━━━━━━━━━┳━━━━━━━━━━━━━━━━━━━━━━━━━━━┳━━━━━━━━━━━━━━━━━┳━━━━━━━━━━━━━━━━━━━━━━━━━━━━┓
┃ Layer (type)                  ┃ Output Shape              ┃         Param # ┃ Connected to               ┃
┡━━━━━━━━━━━━━━━━━━━━━━━━━━━━━━━╇━━━━━━━━━━━━━━━━━━━━━━━━━━━╇━━━━━━━━━━━━━━━━━╇━━━━━━━━━━━━━━━━━━━━━━━━━━━━┩
│ input_layer (InputLayer)      │ (None, 100, 2)            │               0 │ -                          │
├───────────────────────────────┼───────────────────────────┼─────────────────┼────────────────────────────┤
│ gru (GRU)                     │ (None, 128)               │          50,688 │ input_layer[0][0]          │
├───────────────────────────────┼───────────────────────────┼─────────────────┼────────────────────────────┤
│ dense (Dense)                 │ (None, 2)                 │             258 │ gru[0][0]                  │
├───────────────────────────────┼───────────────────────────┼─────────────────┼────────────────────────────┤
│ omega (Dense)                 │ (None, 1)                 │             129 │ gru[0][0]                  │
├───────────────────────────────┼───────────────────────────┼─────────────────┼────────────────────────────┤
│ phase (UnitNormalization)     │ (None, 2)                 │               0 │ dense[0][0]                │
└───────────────────────────────┴───────────────────────────┴─────────────────┴────────────────────────────┘
 Total params: 51,075 (199.51 KB)
 Trainable params: 51,075 (199.51 KB)
 Non-trainable params: 0 (0.00 B)


2026-03-15 18:53:08.324 | INFO     | ao_compensation_model.training:train:222 - Parameters — trainable: 51075  non-trainable: 0  total: 51075
2026-03-15 18:53:08.476 | INFO     | ao_compensation_model.training:on_train_begin:97 - Training started.
2026-03-15 18:53:08.477 | INFO     | ao_compensation_model.training:on_train_begin:98 - Hyperparameters:
  WINDOW_SIZE: 100
  STRIDE: 10
  TARGET_LEAD: 0
  GRU_UNITS: 128
  DROPOUT_RATE: 0.3
  BATCH_SIZE: 128
  MAX_EPOCHS: 100
  LEARNING_RATE: 0.001
  TRAINING_DATA_DIR: D:\01_Code\ao_compensation_model\src\ao_compensation_model\dataset\training
  MODEL_DIR: D:\01_Code\ao_compensation_model\src\ao_compensation_model\model
