2026-03-15 00:54:34.143 | INFO     | ao_compensation_model.utils:setup_logger:387 - Logging to 'data\logs\log_file_2026-03-15_00-54-34.log'.
2026-03-15 00:54:49.744 | INFO     | ao_compensation_model.app:_run_train:41 - Starting GRU training pipeline...
2026-03-15 00:54:52.836 | INFO     | ao_compensation_model.training:train:195 - Model architecture:
Model: "functional"
┏━━━━━━━━━━━━━━━━━━━━━━━━━━━━━━━┳━━━━━━━━━━━━━━━━━━━━━━━━━━━┳━━━━━━━━━━━━━━━━━┳━━━━━━━━━━━━━━━━━━━━━━━━━━━━┓
┃ Layer (type)                  ┃ Output Shape              ┃         Param # ┃ Connected to               ┃
┡━━━━━━━━━━━━━━━━━━━━━━━━━━━━━━━╇━━━━━━━━━━━━━━━━━━━━━━━━━━━╇━━━━━━━━━━━━━━━━━╇━━━━━━━━━━━━━━━━━━━━━━━━━━━━┩
│ input_layer (InputLayer)      │ (None, 100, 2)            │               0 │ -                          │
├───────────────────────────────┼───────────────────────────┼─────────────────┼────────────────────────────┤
│ gru (GRU)                     │ (None, 128)               │          50,688 │ input_layer[0][0]          │
├───────────────────────────────┼───────────────────────────┼─────────────────┼────────────────────────────┤
│ dense (Dense)                 │ (None, 2)                 │             258 │ gru[0][0]                  │
├───────────────────────────────┼───────────────────────────┼─────────────────┼────────────────────────────┤
│ omega (Dense)                 │ (None, 1)                 │             129 │ gru[0][0]                  │
├───────────────────────────────┼───────────────────────────┼─────────────────┼────────────────────────────┤
│ phase (UnitNormalization)     │ (None, 2)                 │               0 │ dense[0][0]                │
└───────────────────────────────┴───────────────────────────┴─────────────────┴────────────────────────────┘
 Total params: 51,075 (199.51 KB)
 Trainable params: 51,075 (199.51 KB)
 Non-trainable params: 0 (0.00 B)


2026-03-15 00:54:52.847 | INFO     | ao_compensation_model.training:train:198 - Parameters — trainable: 51075  non-trainable: 0  total: 51075
2026-03-15 00:54:52.968 | INFO     | ao_compensation_model.training:on_train_begin:96 - Training started.
2026-03-15 00:56:09.483 | INFO     | ao_compensation_model.training:on_epoch_end:100 - Epoch   1 | val_loss: -0.757010  val_phase_loss: -0.846757  val_omega_loss: 0.026010
2026-03-15 00:57:17.227 | INFO     | ao_compensation_model.training:on_epoch_end:100 - Epoch   2 | val_loss: -0.818640  val_phase_loss: -0.894626  val_omega_loss: 0.023466
2026-03-15 00:58:25.479 | INFO     | ao_compensation_model.training:on_epoch_end:100 - Epoch   3 | val_loss: -0.752655  val_phase_loss: -0.866550  val_omega_loss: 0.036509
2026-03-15 00:59:33.857 | INFO     | ao_compensation_model.training:on_epoch_end:100 - Epoch   4 | val_loss: -0.783635  val_phase_loss: -0.880166  val_omega_loss: 0.030829
2026-03-15 01:00:42.055 | INFO     | ao_compensation_model.training:on_epoch_end:100 - Epoch   5 | val_loss: -0.756335  val_phase_loss: -0.861558  val_omega_loss: 0.033750
2026-03-15 01:01:50.023 | INFO     | ao_compensation_model.training:on_epoch_end:100 - Epoch   6 | val_loss: -0.780454  val_phase_loss: -0.873219  val_omega_loss: 0.029841
2026-03-15 01:02:58.749 | INFO     | ao_compensation_model.training:on_epoch_end:100 - Epoch   7 | val_loss: -0.778961  val_phase_loss: -0.875311  val_omega_loss: 0.030956
2026-03-15 01:02:58.776 | INFO     | ao_compensation_model.training:train:244 - Best model saved as: gru_model.keras (val_loss=-0.818640)
2026-03-15 01:03:00.375 | INFO     | ao_compensation_model.training:train:261 - TFLite model saved as: gru_model_edge.tflite
2026-03-15 01:03:00.413 | SUCCESS  | ao_compensation_model.app:_run_train:43 - Training complete.
