2026-03-15 12:18:28.798 | INFO     | ao_compensation_model.utils:setup_logger:387 - Logging to 'data\logs\log_file_2026-03-15_12-18-28.log'.
2026-03-15 12:18:41.880 | INFO     | ao_compensation_model.app:_run_train:41 - Starting GRU training pipeline...
2026-03-15 12:18:43.866 | INFO     | ao_compensation_model.training:train:227 - Model architecture:
Model: "functional"
┏━━━━━━━━━━━━━━━━━━━━━━━━━━━━━━━┳━━━━━━━━━━━━━━━━━━━━━━━━━━━┳━━━━━━━━━━━━━━━━━┳━━━━━━━━━━━━━━━━━━━━━━━━━━━━┓
┃ Layer (type)                  ┃ Output Shape              ┃         Param # ┃ Connected to               ┃
┡━━━━━━━━━━━━━━━━━━━━━━━━━━━━━━━╇━━━━━━━━━━━━━━━━━━━━━━━━━━━╇━━━━━━━━━━━━━━━━━╇━━━━━━━━━━━━━━━━━━━━━━━━━━━━┩
│ input_layer (InputLayer)      │ (None, 100, 2)            │               0 │ -                          │
├───────────────────────────────┼───────────────────────────┼─────────────────┼────────────────────────────┤
│ conv1d (Conv1D)               │ (None, 100, 64)           │             448 │ input_layer[0][0]          │
├───────────────────────────────┼───────────────────────────┼─────────────────┼────────────────────────────┤
│ batch_normalization           │ (None, 100, 64)           │             256 │ conv1d[0][0]               │
│ (BatchNormalization)          │                           │                 │                            │
├───────────────────────────────┼───────────────────────────┼─────────────────┼────────────────────────────┤
│ conv1d_1 (Conv1D)             │ (None, 100, 64)           │          12,352 │ batch_normalization[0][0]  │
├───────────────────────────────┼───────────────────────────┼─────────────────┼────────────────────────────┤
│ batch_normalization_1         │ (None, 100, 64)           │             256 │ conv1d_1[0][0]             │
│ (BatchNormalization)          │                           │                 │                            │
├───────────────────────────────┼───────────────────────────┼─────────────────┼────────────────────────────┤
│ conv1d_2 (Conv1D)             │ (None, 100, 64)           │             192 │ input_layer[0][0]          │
├───────────────────────────────┼───────────────────────────┼─────────────────┼────────────────────────────┤
│ add (Add)                     │ (None, 100, 64)           │               0 │ batch_normalization_1[0][… │
│                               │                           │                 │ conv1d_2[0][0]             │
├───────────────────────────────┼───────────────────────────┼─────────────────┼────────────────────────────┤
│ conv1d_3 (Conv1D)             │ (None, 100, 64)           │          12,352 │ add[0][0]                  │
├───────────────────────────────┼───────────────────────────┼─────────────────┼────────────────────────────┤
│ batch_normalization_2         │ (None, 100, 64)           │             256 │ conv1d_3[0][0]             │
│ (BatchNormalization)          │                           │                 │                            │
├───────────────────────────────┼───────────────────────────┼─────────────────┼────────────────────────────┤
│ conv1d_4 (Conv1D)             │ (None, 100, 64)           │          12,352 │ batch_normalization_2[0][… │
├───────────────────────────────┼───────────────────────────┼─────────────────┼────────────────────────────┤
│ batch_normalization_3         │ (None, 100, 64)           │             256 │ conv1d_4[0][0]             │
│ (BatchNormalization)          │                           │                 │                            │
├───────────────────────────────┼───────────────────────────┼─────────────────┼────────────────────────────┤
│ conv1d_5 (Conv1D)             │ (None, 100, 64)           │           4,160 │ add[0][0]                  │
├───────────────────────────────┼───────────────────────────┼─────────────────┼────────────────────────────┤
│ add_1 (Add)                   │ (None, 100, 64)           │               0 │ batch_normalization_3[0][… │
│                               │                           │                 │ conv1d_5[0][0]             │
├───────────────────────────────┼───────────────────────────┼─────────────────┼────────────────────────────┤
│ conv1d_6 (Conv1D)             │ (None, 100, 64)           │          12,352 │ add_1[0][0]                │
├───────────────────────────────┼───────────────────────────┼─────────────────┼────────────────────────────┤
│ batch_normalization_4         │ (None, 100, 64)           │             256 │ conv1d_6[0][0]             │
│ (BatchNormalization)          │                           │                 │                            │
├───────────────────────────────┼───────────────────────────┼─────────────────┼────────────────────────────┤
│ conv1d_7 (Conv1D)             │ (None, 100, 64)           │          12,352 │ batch_normalization_4[0][… │
├───────────────────────────────┼───────────────────────────┼─────────────────┼────────────────────────────┤
│ batch_normalization_5         │ (None, 100, 64)           │             256 │ conv1d_7[0][0]             │
│ (BatchNormalization)          │                           │                 │                            │
├───────────────────────────────┼───────────────────────────┼─────────────────┼────────────────────────────┤
│ conv1d_8 (Conv1D)             │ (None, 100, 64)           │           4,160 │ add_1[0][0]                │
├───────────────────────────────┼───────────────────────────┼─────────────────┼────────────────────────────┤
│ add_2 (Add)                   │ (None, 100, 64)           │               0 │ batch_normalization_5[0][… │
│                               │                           │                 │ conv1d_8[0][0]             │
├───────────────────────────────┼───────────────────────────┼─────────────────┼────────────────────────────┤
│ conv1d_9 (Conv1D)             │ (None, 100, 64)           │          12,352 │ add_2[0][0]                │
├───────────────────────────────┼───────────────────────────┼─────────────────┼────────────────────────────┤
│ batch_normalization_6         │ (None, 100, 64)           │             256 │ conv1d_9[0][0]             │
│ (BatchNormalization)          │                           │                 │                            │
├───────────────────────────────┼───────────────────────────┼─────────────────┼────────────────────────────┤
│ conv1d_10 (Conv1D)            │ (None, 100, 64)           │          12,352 │ batch_normalization_6[0][… │
├───────────────────────────────┼───────────────────────────┼─────────────────┼────────────────────────────┤
│ batch_normalization_7         │ (None, 100, 64)           │             256 │ conv1d_10[0][0]            │
│ (BatchNormalization)          │                           │                 │                            │
├───────────────────────────────┼───────────────────────────┼─────────────────┼────────────────────────────┤
│ conv1d_11 (Conv1D)            │ (None, 100, 64)           │           4,160 │ add_2[0][0]                │
├───────────────────────────────┼───────────────────────────┼─────────────────┼────────────────────────────┤
│ add_3 (Add)                   │ (None, 100, 64)           │               0 │ batch_normalization_7[0][… │
│                               │                           │                 │ conv1d_11[0][0]            │
├───────────────────────────────┼───────────────────────────┼─────────────────┼────────────────────────────┤
│ conv1d_12 (Conv1D)            │ (None, 100, 64)           │          12,352 │ add_3[0][0]                │
├───────────────────────────────┼───────────────────────────┼─────────────────┼────────────────────────────┤
│ batch_normalization_8         │ (None, 100, 64)           │             256 │ conv1d_12[0][0]            │
│ (BatchNormalization)          │                           │                 │                            │
├───────────────────────────────┼───────────────────────────┼─────────────────┼────────────────────────────┤
│ conv1d_13 (Conv1D)            │ (None, 100, 64)           │          12,352 │ batch_normalization_8[0][… │
├───────────────────────────────┼───────────────────────────┼─────────────────┼────────────────────────────┤
│ batch_normalization_9         │ (None, 100, 64)           │             256 │ conv1d_13[0][0]            │
│ (BatchNormalization)          │                           │                 │                            │
├───────────────────────────────┼───────────────────────────┼─────────────────┼────────────────────────────┤
│ conv1d_14 (Conv1D)            │ (None, 100, 64)           │           4,160 │ add_3[0][0]                │
├───────────────────────────────┼───────────────────────────┼─────────────────┼────────────────────────────┤
│ add_4 (Add)                   │ (None, 100, 64)           │               0 │ batch_normalization_9[0][… │
│                               │                           │                 │ conv1d_14[0][0]            │
├───────────────────────────────┼───────────────────────────┼─────────────────┼────────────────────────────┤
│ get_item (GetItem)            │ (None, 64)                │               0 │ add_4[0][0]                │
├───────────────────────────────┼───────────────────────────┼─────────────────┼────────────────────────────┤
│ dense (Dense)                 │ (None, 2)                 │             130 │ get_item[0][0]             │
├───────────────────────────────┼───────────────────────────┼─────────────────┼────────────────────────────┤
│ omega (Dense)                 │ (None, 1)                 │              65 │ get_item[0][0]             │
├───────────────────────────────┼───────────────────────────┼─────────────────┼────────────────────────────┤
│ phase (UnitNormalization)     │ (None, 2)                 │               0 │ dense[0][0]                │
└───────────────────────────────┴───────────────────────────┴─────────────────┴────────────────────────────┘
 Total params: 131,203 (512.51 KB)
 Trainable params: 129,923 (507.51 KB)
 Non-trainable params: 1,280 (5.00 KB)


2026-03-15 12:18:43.901 | INFO     | ao_compensation_model.training:train:230 - Parameters — trainable: 129923  non-trainable: 1280  total: 131203
2026-03-15 12:18:44.173 | INFO     | ao_compensation_model.training:on_train_begin:128 - Training started.
2026-03-15 12:19:49.858 | INFO     | ao_compensation_model.training:on_epoch_end:132 - Epoch   1 | val_loss: -0.774593  val_phase_loss: -0.896820  val_omega_loss: 0.039244
2026-03-15 12:20:35.842 | INFO     | ao_compensation_model.training:on_epoch_end:132 - Epoch   2 | val_loss: -0.829110  val_phase_loss: -0.894493  val_omega_loss: 0.020600
2026-03-15 12:21:25.438 | INFO     | ao_compensation_model.training:on_epoch_end:132 - Epoch   3 | val_loss: -0.809296  val_phase_loss: -0.879178  val_omega_loss: 0.022307
2026-03-15 12:22:13.720 | INFO     | ao_compensation_model.training:on_epoch_end:132 - Epoch   4 | val_loss: -0.783358  val_phase_loss: -0.855714  val_omega_loss: 0.023281
2026-03-15 12:23:01.541 | INFO     | ao_compensation_model.training:on_epoch_end:132 - Epoch   5 | val_loss: -0.833988  val_phase_loss: -0.894530  val_omega_loss: 0.019513
2026-03-15 12:23:49.202 | INFO     | ao_compensation_model.training:on_epoch_end:132 - Epoch   6 | val_loss: -0.848829  val_phase_loss: -0.893244  val_omega_loss: 0.014224
2026-03-15 12:24:39.600 | INFO     | ao_compensation_model.training:on_epoch_end:132 - Epoch   7 | val_loss: -0.853193  val_phase_loss: -0.902881  val_omega_loss: 0.016044
2026-03-15 12:25:38.766 | INFO     | ao_compensation_model.training:on_epoch_end:132 - Epoch   8 | val_loss: -0.812069  val_phase_loss: -0.867952  val_omega_loss: 0.018117
2026-03-15 12:26:29.801 | INFO     | ao_compensation_model.training:on_epoch_end:132 - Epoch   9 | val_loss: -0.852146  val_phase_loss: -0.903503  val_omega_loss: 0.016671
2026-03-15 12:27:20.871 | INFO     | ao_compensation_model.training:on_epoch_end:132 - Epoch  10 | val_loss: -0.860869  val_phase_loss: -0.908546  val_omega_loss: 0.015468
2026-03-15 12:28:10.581 | INFO     | ao_compensation_model.training:on_epoch_end:132 - Epoch  11 | val_loss: -0.843768  val_phase_loss: -0.895715  val_omega_loss: 0.016906
2026-03-15 12:29:01.305 | INFO     | ao_compensation_model.training:on_epoch_end:132 - Epoch  12 | val_loss: -0.846816  val_phase_loss: -0.897564  val_omega_loss: 0.016511
2026-03-15 12:29:51.598 | INFO     | ao_compensation_model.training:on_epoch_end:132 - Epoch  13 | val_loss: -0.861744  val_phase_loss: -0.905078  val_omega_loss: 0.014066
2026-03-15 12:30:39.230 | INFO     | ao_compensation_model.training:on_epoch_end:132 - Epoch  14 | val_loss: -0.818060  val_phase_loss: -0.867328  val_omega_loss: 0.016022
2026-03-15 12:31:30.102 | INFO     | ao_compensation_model.training:on_epoch_end:132 - Epoch  15 | val_loss: -0.842395  val_phase_loss: -0.889664  val_omega_loss: 0.015380
2026-03-15 12:32:17.555 | INFO     | ao_compensation_model.training:on_epoch_end:132 - Epoch  16 | val_loss: -0.816300  val_phase_loss: -0.874747  val_omega_loss: 0.019097
2026-03-15 12:33:09.689 | INFO     | ao_compensation_model.training:on_epoch_end:132 - Epoch  17 | val_loss: -0.831007  val_phase_loss: -0.890541  val_omega_loss: 0.019469
2026-03-15 12:34:05.733 | INFO     | ao_compensation_model.training:on_epoch_end:132 - Epoch  18 | val_loss: -0.820466  val_phase_loss: -0.881469  val_omega_loss: 0.019957
2026-03-15 12:34:05.815 | INFO     | ao_compensation_model.training:train:276 - Best model saved as: gru_model.keras (val_loss=-0.861744)
