2026-03-15 16:25:05.082 | INFO     | ao_compensation_model.utils:setup_logger:387 - Logging to 'data\logs\log_file_2026-03-15_16-25-05.log'.
2026-03-15 16:25:12.540 | INFO     | ao_compensation_model.app:_run_train:41 - Starting GRU training pipeline...
2026-03-15 16:25:14.071 | INFO     | ao_compensation_model.training:train:208 - Model architecture:
Model: "functional"
┏━━━━━━━━━━━━━━━━━━━━━━━━━━━━━━━┳━━━━━━━━━━━━━━━━━━━━━━━━━━━┳━━━━━━━━━━━━━━━━━┳━━━━━━━━━━━━━━━━━━━━━━━━━━━━┓
┃ Layer (type)                  ┃ Output Shape              ┃         Param # ┃ Connected to               ┃
┡━━━━━━━━━━━━━━━━━━━━━━━━━━━━━━━╇━━━━━━━━━━━━━━━━━━━━━━━━━━━╇━━━━━━━━━━━━━━━━━╇━━━━━━━━━━━━━━━━━━━━━━━━━━━━┩
│ input_layer (InputLayer)      │ (None, 100, 2)            │               0 │ -                          │
├───────────────────────────────┼───────────────────────────┼─────────────────┼────────────────────────────┤
│ gru (GRU)                     │ (None, 128)               │          50,688 │ input_layer[0][0]          │
├───────────────────────────────┼───────────────────────────┼─────────────────┼────────────────────────────┤
│ omega (Dense)                 │ (None, 1)                 │             129 │ gru[0][0]                  │
├───────────────────────────────┼───────────────────────────┼─────────────────┼────────────────────────────┤
│ phase (Dense)                 │ (None, 2)                 │             258 │ gru[0][0]                  │
└───────────────────────────────┴───────────────────────────┴─────────────────┴────────────────────────────┘
 Total params: 51,075 (199.51 KB)
 Trainable params: 51,075 (199.51 KB)
 Non-trainable params: 0 (0.00 B)


2026-03-15 16:25:14.083 | INFO     | ao_compensation_model.training:train:211 - Parameters — trainable: 51075  non-trainable: 0  total: 51075
2026-03-15 16:25:14.193 | INFO     | ao_compensation_model.training:on_train_begin:96 - Training started.
2026-03-15 16:25:14.193 | INFO     | ao_compensation_model.training:on_train_begin:97 - Hyperparameters:
  WINDOW_SIZE: 100
  STRIDE: 20
  TARGET_LEAD: 0
  GRU_UNITS: 128
  DROPOUT_RATE: 0.3
  BATCH_SIZE: 128
  MAX_EPOCHS: 100
  LEARNING_RATE: 0.001
  TRAINING_DATA_DIR: D:\01_Code\ao_compensation_model\src\ao_compensation_model\dataset\training
  MODEL_DIR: D:\01_Code\ao_compensation_model\src\ao_compensation_model\model
2026-03-15 16:25:47.132 | INFO     | ao_compensation_model.training:on_epoch_end:113 - Epoch   1 | val_loss: 0.307076  val_phase_loss: 0.129522  val_omega_loss: 0.045493
2026-03-15 16:26:17.066 | INFO     | ao_compensation_model.training:on_epoch_end:113 - Epoch   2 | val_loss: 0.283262  val_phase_loss: 0.121661  val_omega_loss: 0.037527
2026-03-15 16:26:47.097 | INFO     | ao_compensation_model.training:on_epoch_end:113 - Epoch   3 | val_loss: 0.286825  val_phase_loss: 0.123620  val_omega_loss: 0.036440
2026-03-15 16:27:17.150 | INFO     | ao_compensation_model.training:on_epoch_end:113 - Epoch   4 | val_loss: 0.272523  val_phase_loss: 0.117148  val_omega_loss: 0.036306
2026-03-15 16:27:47.563 | INFO     | ao_compensation_model.training:on_epoch_end:113 - Epoch   5 | val_loss: 0.281551  val_phase_loss: 0.123152  val_omega_loss: 0.033477
2026-03-15 16:28:17.870 | INFO     | ao_compensation_model.training:on_epoch_end:113 - Epoch   6 | val_loss: 0.261250  val_phase_loss: 0.114328  val_omega_loss: 0.030809
2026-03-15 16:28:48.040 | INFO     | ao_compensation_model.training:on_epoch_end:113 - Epoch   7 | val_loss: 0.265166  val_phase_loss: 0.115684  val_omega_loss: 0.031807
2026-03-15 16:29:18.326 | INFO     | ao_compensation_model.training:on_epoch_end:113 - Epoch   8 | val_loss: 0.255412  val_phase_loss: 0.111502  val_omega_loss: 0.030848
2026-03-15 16:29:49.046 | INFO     | ao_compensation_model.training:on_epoch_end:113 - Epoch   9 | val_loss: 0.224780  val_phase_loss: 0.100048  val_omega_loss: 0.023140
2026-03-15 16:30:18.999 | INFO     | ao_compensation_model.training:on_epoch_end:113 - Epoch  10 | val_loss: 0.265798  val_phase_loss: 0.115260  val_omega_loss: 0.034351
2026-03-15 16:30:48.505 | INFO     | ao_compensation_model.training:on_epoch_end:113 - Epoch  11 | val_loss: 0.226809  val_phase_loss: 0.100356  val_omega_loss: 0.025062
2026-03-15 16:31:18.609 | INFO     | ao_compensation_model.training:on_epoch_end:113 - Epoch  12 | val_loss: 0.231893  val_phase_loss: 0.100710  val_omega_loss: 0.029645
2026-03-15 16:31:50.058 | INFO     | ao_compensation_model.training:on_epoch_end:113 - Epoch  13 | val_loss: 0.232441  val_phase_loss: 0.101340  val_omega_loss: 0.028772
2026-03-15 16:32:20.120 | INFO     | ao_compensation_model.training:on_epoch_end:113 - Epoch  14 | val_loss: 0.229275  val_phase_loss: 0.099002  val_omega_loss: 0.030019
2026-03-15 16:32:20.180 | INFO     | ao_compensation_model.training:train:258 - Best model saved as: gru_model.keras (val_loss=0.224780)
2026-03-15 16:32:21.752 | INFO     | ao_compensation_model.training:train:275 - TFLite model saved as: gru_model_edge.tflite
2026-03-15 16:32:21.769 | SUCCESS  | ao_compensation_model.app:_run_train:43 - Training complete.
