2026-03-15 19:30:52.803 | INFO     | ao_compensation_model.utils:setup_logger:387 - Logging to 'data\logs\log_file_2026-03-15_19-30-52.log'.
2026-03-15 19:31:00.110 | INFO     | ao_compensation_model.app:_run_train:41 - Starting GRU training pipeline...
2026-03-15 19:31:02.060 | INFO     | ao_compensation_model.training:train:210 - Model architecture:
Model: "functional"
┏━━━━━━━━━━━━━━━━━━━━━━━━━━━━━━━┳━━━━━━━━━━━━━━━━━━━━━━━━━━━┳━━━━━━━━━━━━━━━━━┳━━━━━━━━━━━━━━━━━━━━━━━━━━━━┓
┃ Layer (type)                  ┃ Output Shape              ┃         Param # ┃ Connected to               ┃
┡━━━━━━━━━━━━━━━━━━━━━━━━━━━━━━━╇━━━━━━━━━━━━━━━━━━━━━━━━━━━╇━━━━━━━━━━━━━━━━━╇━━━━━━━━━━━━━━━━━━━━━━━━━━━━┩
│ input_layer (InputLayer)      │ (None, 100, 2)            │               0 │ -                          │
├───────────────────────────────┼───────────────────────────┼─────────────────┼────────────────────────────┤
│ gru (GRU)                     │ (None, 128)               │          50,688 │ input_layer[0][0]          │
├───────────────────────────────┼───────────────────────────┼─────────────────┼────────────────────────────┤
│ dense (Dense)                 │ (None, 2)                 │             258 │ gru[0][0]                  │
├───────────────────────────────┼───────────────────────────┼─────────────────┼────────────────────────────┤
│ omega (Dense)                 │ (None, 1)                 │             129 │ gru[0][0]                  │
├───────────────────────────────┼───────────────────────────┼─────────────────┼────────────────────────────┤
│ phase (UnitNormalization)     │ (None, 2)                 │               0 │ dense[0][0]                │
└───────────────────────────────┴───────────────────────────┴─────────────────┴────────────────────────────┘
 Total params: 51,075 (199.51 KB)
 Trainable params: 51,075 (199.51 KB)
 Non-trainable params: 0 (0.00 B)


2026-03-15 19:31:02.073 | INFO     | ao_compensation_model.training:train:213 - Parameters — trainable: 51075  non-trainable: 0  total: 51075
2026-03-15 19:31:03.956 | INFO     | ao_compensation_model.training:train:282 - TFLite model saved as: gru_model_edge.tflite
2026-03-15 19:31:03.988 | SUCCESS  | ao_compensation_model.app:_run_train:43 - Training complete.
