2026-03-15 18:03:16.053 | INFO     | ao_compensation_model.utils:setup_logger:387 - Logging to 'data\logs\log_file_2026-03-15_18-03-16.log'.
2026-03-15 18:03:23.333 | INFO     | ao_compensation_model.app:_run_train:41 - Starting GRU training pipeline...
2026-03-15 18:03:25.138 | INFO     | ao_compensation_model.training:train:209 - Model architecture:
Model: "functional"
┏━━━━━━━━━━━━━━━━━━━━━━━━━━━━━━━┳━━━━━━━━━━━━━━━━━━━━━━━━━━━┳━━━━━━━━━━━━━━━━━┳━━━━━━━━━━━━━━━━━━━━━━━━━━━━┓
┃ Layer (type)                  ┃ Output Shape              ┃         Param # ┃ Connected to               ┃
┡━━━━━━━━━━━━━━━━━━━━━━━━━━━━━━━╇━━━━━━━━━━━━━━━━━━━━━━━━━━━╇━━━━━━━━━━━━━━━━━╇━━━━━━━━━━━━━━━━━━━━━━━━━━━━┩
│ input_layer (InputLayer)      │ (None, 100, 2)            │               0 │ -                          │
├───────────────────────────────┼───────────────────────────┼─────────────────┼────────────────────────────┤
│ gru (GRU)                     │ (None, 128)               │          50,688 │ input_layer[0][0]          │
├───────────────────────────────┼───────────────────────────┼─────────────────┼────────────────────────────┤
│ dense (Dense)                 │ (None, 2)                 │             258 │ gru[0][0]                  │
├───────────────────────────────┼───────────────────────────┼─────────────────┼────────────────────────────┤
│ omega (Dense)                 │ (None, 1)                 │             129 │ gru[0][0]                  │
├───────────────────────────────┼───────────────────────────┼─────────────────┼────────────────────────────┤
│ phase (UnitNormalization)     │ (None, 2)                 │               0 │ dense[0][0]                │
└───────────────────────────────┴───────────────────────────┴─────────────────┴────────────────────────────┘
 Total params: 51,075 (199.51 KB)
 Trainable params: 51,075 (199.51 KB)
 Non-trainable params: 0 (0.00 B)


2026-03-15 18:03:25.147 | INFO     | ao_compensation_model.training:train:212 - Parameters — trainable: 51075  non-trainable: 0  total: 51075
2026-03-15 18:03:25.253 | INFO     | ao_compensation_model.training:on_train_begin:97 - Training started.
2026-03-15 18:03:25.254 | INFO     | ao_compensation_model.training:on_train_begin:98 - Hyperparameters:
  WINDOW_SIZE: 100
  STRIDE: 10
  TARGET_LEAD: 0
  GRU_UNITS: 128
  DROPOUT_RATE: 0.3
  BATCH_SIZE: 128
  MAX_EPOCHS: 100
  LEARNING_RATE: 0.001
  TRAINING_DATA_DIR: D:\01_Code\ao_compensation_model\src\ao_compensation_model\dataset\training
  MODEL_DIR: D:\01_Code\ao_compensation_model\src\ao_compensation_model\model
2026-03-15 18:04:22.117 | INFO     | ao_compensation_model.training:on_epoch_end:114 - Epoch   1 | val_loss: 0.461361  val_phase_loss: 0.136539  val_omega_loss: 0.044647
2026-03-15 18:05:11.796 | INFO     | ao_compensation_model.training:on_epoch_end:114 - Epoch   2 | val_loss: 0.412213  val_phase_loss: 0.123888  val_omega_loss: 0.034788
2026-03-15 18:06:02.935 | INFO     | ao_compensation_model.training:on_epoch_end:114 - Epoch   3 | val_loss: 0.368468  val_phase_loss: 0.110158  val_omega_loss: 0.032674
2026-03-15 18:06:54.335 | INFO     | ao_compensation_model.training:on_epoch_end:114 - Epoch   4 | val_loss: 0.392588  val_phase_loss: 0.119025  val_omega_loss: 0.030644
2026-03-15 18:07:45.732 | INFO     | ao_compensation_model.training:on_epoch_end:114 - Epoch   5 | val_loss: 0.371866  val_phase_loss: 0.111339  val_omega_loss: 0.033291
2026-03-15 18:08:37.260 | INFO     | ao_compensation_model.training:on_epoch_end:114 - Epoch   6 | val_loss: 0.368577  val_phase_loss: 0.109590  val_omega_loss: 0.035538
2026-03-15 18:09:28.806 | INFO     | ao_compensation_model.training:on_epoch_end:114 - Epoch   7 | val_loss: 0.350746  val_phase_loss: 0.105895  val_omega_loss: 0.028559
2026-03-15 18:10:20.137 | INFO     | ao_compensation_model.training:on_epoch_end:114 - Epoch   8 | val_loss: 0.337069  val_phase_loss: 0.102786  val_omega_loss: 0.024238
2026-03-15 18:11:12.596 | INFO     | ao_compensation_model.training:on_epoch_end:114 - Epoch   9 | val_loss: 0.347696  val_phase_loss: 0.105532  val_omega_loss: 0.026725
2026-03-15 18:12:04.066 | INFO     | ao_compensation_model.training:on_epoch_end:114 - Epoch  10 | val_loss: 0.348175  val_phase_loss: 0.105325  val_omega_loss: 0.028123
2026-03-15 18:12:55.203 | INFO     | ao_compensation_model.training:on_epoch_end:114 - Epoch  11 | val_loss: 0.355975  val_phase_loss: 0.105765  val_omega_loss: 0.034588
2026-03-15 18:13:46.873 | INFO     | ao_compensation_model.training:on_epoch_end:114 - Epoch  12 | val_loss: 0.346788  val_phase_loss: 0.105431  val_omega_loss: 0.026308
2026-03-15 18:14:38.443 | INFO     | ao_compensation_model.training:on_epoch_end:114 - Epoch  13 | val_loss: 0.342735  val_phase_loss: 0.100972  val_omega_loss: 0.035910
2026-03-15 18:14:38.470 | INFO     | ao_compensation_model.training:train:259 - Best model saved as: gru_model.keras (val_loss=0.337069)
2026-03-15 18:14:39.885 | INFO     | ao_compensation_model.training:train:276 - TFLite model saved as: gru_model_edge.tflite
2026-03-15 18:14:39.913 | SUCCESS  | ao_compensation_model.app:_run_train:43 - Training complete.
