2026-03-15 17:10:42.406 | INFO     | ao_compensation_model.utils:setup_logger:387 - Logging to 'data\logs\log_file_2026-03-15_17-10-42.log'.
2026-03-15 17:10:49.152 | INFO     | ao_compensation_model.app:_run_train:41 - Starting GRU training pipeline...
2026-03-15 17:10:50.906 | INFO     | ao_compensation_model.training:train:208 - Model architecture:
Model: "functional"
┏━━━━━━━━━━━━━━━━━━━━━━━━━━━━━━━┳━━━━━━━━━━━━━━━━━━━━━━━━━━━┳━━━━━━━━━━━━━━━━━┳━━━━━━━━━━━━━━━━━━━━━━━━━━━━┓
┃ Layer (type)                  ┃ Output Shape              ┃         Param # ┃ Connected to               ┃
┡━━━━━━━━━━━━━━━━━━━━━━━━━━━━━━━╇━━━━━━━━━━━━━━━━━━━━━━━━━━━╇━━━━━━━━━━━━━━━━━╇━━━━━━━━━━━━━━━━━━━━━━━━━━━━┩
│ input_layer (InputLayer)      │ (None, 100, 2)            │               0 │ -                          │
├───────────────────────────────┼───────────────────────────┼─────────────────┼────────────────────────────┤
│ gru (GRU)                     │ (None, 128)               │          50,688 │ input_layer[0][0]          │
├───────────────────────────────┼───────────────────────────┼─────────────────┼────────────────────────────┤
│ omega (Dense)                 │ (None, 1)                 │             129 │ gru[0][0]                  │
├───────────────────────────────┼───────────────────────────┼─────────────────┼────────────────────────────┤
│ phase (Dense)                 │ (None, 2)                 │             258 │ gru[0][0]                  │
└───────────────────────────────┴───────────────────────────┴─────────────────┴────────────────────────────┘
 Total params: 51,075 (199.51 KB)
 Trainable params: 51,075 (199.51 KB)
 Non-trainable params: 0 (0.00 B)


2026-03-15 17:10:50.915 | INFO     | ao_compensation_model.training:train:211 - Parameters — trainable: 51075  non-trainable: 0  total: 51075
2026-03-15 17:10:51.035 | INFO     | ao_compensation_model.training:on_train_begin:96 - Training started.
2026-03-15 17:10:51.036 | INFO     | ao_compensation_model.training:on_train_begin:97 - Hyperparameters:
  WINDOW_SIZE: 100
  STRIDE: 5
  TARGET_LEAD: 0
  GRU_UNITS: 128
  DROPOUT_RATE: 0.3
  BATCH_SIZE: 128
  MAX_EPOCHS: 100
  LEARNING_RATE: 0.001
  TRAINING_DATA_DIR: D:\01_Code\ao_compensation_model\src\ao_compensation_model\dataset\training
  MODEL_DIR: D:\01_Code\ao_compensation_model\src\ao_compensation_model\model
2026-03-15 17:12:33.071 | INFO     | ao_compensation_model.training:on_epoch_end:113 - Epoch   1 | val_loss: 0.412242  val_phase_loss: 0.123571  val_omega_loss: 0.035274
2026-03-15 17:14:14.608 | INFO     | ao_compensation_model.training:on_epoch_end:113 - Epoch   2 | val_loss: 0.332039  val_phase_loss: 0.099910  val_omega_loss: 0.027564
2026-03-15 17:15:59.344 | INFO     | ao_compensation_model.training:on_epoch_end:113 - Epoch   3 | val_loss: 0.354127  val_phase_loss: 0.105873  val_omega_loss: 0.033489
2026-03-15 17:17:44.501 | INFO     | ao_compensation_model.training:on_epoch_end:113 - Epoch   4 | val_loss: 0.353230  val_phase_loss: 0.107992  val_omega_loss: 0.025316
2026-03-15 17:19:29.220 | INFO     | ao_compensation_model.training:on_epoch_end:113 - Epoch   5 | val_loss: 0.328823  val_phase_loss: 0.099688  val_omega_loss: 0.026911
2026-03-15 17:21:13.916 | INFO     | ao_compensation_model.training:on_epoch_end:113 - Epoch   6 | val_loss: 0.335325  val_phase_loss: 0.102143  val_omega_loss: 0.025385
2026-03-15 17:22:59.366 | INFO     | ao_compensation_model.training:on_epoch_end:113 - Epoch   7 | val_loss: 0.341205  val_phase_loss: 0.103742  val_omega_loss: 0.026610
2026-03-15 17:24:41.610 | INFO     | ao_compensation_model.training:on_epoch_end:113 - Epoch   8 | val_loss: 0.382972  val_phase_loss: 0.117053  val_omega_loss: 0.031652
2026-03-15 17:26:25.037 | INFO     | ao_compensation_model.training:on_epoch_end:113 - Epoch   9 | val_loss: 0.339253  val_phase_loss: 0.103870  val_omega_loss: 0.024031
2026-03-15 17:28:09.017 | INFO     | ao_compensation_model.training:on_epoch_end:113 - Epoch  10 | val_loss: 0.338749  val_phase_loss: 0.103446  val_omega_loss: 0.024615
2026-03-15 17:28:09.046 | INFO     | ao_compensation_model.training:train:258 - Best model saved as: gru_model.keras (val_loss=0.328823)
2026-03-15 17:28:10.441 | INFO     | ao_compensation_model.training:train:275 - TFLite model saved as: gru_model_edge.tflite
2026-03-15 17:28:10.493 | SUCCESS  | ao_compensation_model.app:_run_train:43 - Training complete.
